<?xml version="1.0" encoding="UTF-8"?>
<!-- Generated by org.testng.reporters.JUnitReportReporter -->
<testsuite hostname="DESKTOP-3OONJHS" failures="0" tests="3" name="swagLabs.TestSwagLabs" time="7.944" errors="0" timestamp="2024-07-28T07:12:43 AST" skipped="0">
  <testcase classname="swagLabs.TestSwagLabs" name="login" time="0.423"/>
  <system-out/>
  <testcase classname="swagLabs.TestSwagLabs" name="addToCart" time="3.865"/>
  <system-out/>
  <testcase classname="swagLabs.TestSwagLabs" name="removeItems" time="3.656"/>
  <system-out/>
</testsuite> <!-- swagLabs.TestSwagLabs -->
